#
# There is insufficient memory for the Java Runtime Environment to continue.
# Native memory allocation (malloc) failed to allocate 1048576 bytes for AllocateHeap
# Possible reasons:
#   The system is out of physical RAM or swap space
#   In 32 bit mode, the process size limit was hit
# Possible solutions:
#   Reduce memory load on the system
#   Increase physical memory or swap space
#   Check if swap backing store is full
#   Use 64 bit Java on a 64 bit OS
#   Decrease Java heap size (-Xmx/-Xms)
#   Decrease number of Java threads
#   Decrease Java thread stack sizes (-Xss)
#   Set larger code cache with -XX:ReservedCodeCacheSize=
# This output file may be truncated or incomplete.
#
#  Out of Memory Error (memory/allocation.inline.hpp:61), pid=11268, tid=9388
#
# JRE version:  (8.0_77-b03) (build )
# Java VM: Java HotSpot(TM) 64-Bit Server VM (25.77-b03 mixed mode windows-amd64 compressed oops)
# Failed to write core dump. Minidumps are not enabled by default on client versions of Windows
#

---------------  T H R E A D  ---------------

Current thread (0x0000000001f32800):  JavaThread "Unknown thread" [_thread_in_vm, id=9388, stack(0x0000000001d30000,0x0000000001e30000)]

Stack: [0x0000000001d30000,0x0000000001e30000]
[error occurred during error reporting (printing stack bounds), id 0xc0000005]

Native frames: (J=compiled Java code, j=interpreted, Vv=VM code, C=native code)


---------------  P R O C E S S  ---------------

Java Threads: ( => current thread )

Other Threads:

=>0x0000000001f32800 (exited) JavaThread "Unknown thread" [_thread_in_vm, id=9388, stack(0x0000000001d30000,0x0000000001e30000)]

VM state:not at safepoint (normal execution)

VM Mutex/Monitor currently owned by a thread: None

Heap:
 PSYoungGen      total 76288K, used 1310K [0x000000076b500000, 0x0000000770a00000, 0x00000007c0000000)
  eden space 65536K, 2% used [0x000000076b500000,0x000000076b647af0,0x000000076f500000)
  from space 10752K, 0% used [0x000000076ff80000,0x000000076ff80000,0x0000000770a00000)
  to   space 10752K, 0% used [0x000000076f500000,0x000000076f500000,0x000000076ff80000)
 ParOldGen       total 175104K, used 0K [0x00000006c1e00000, 0x00000006cc900000, 0x000000076b500000)
  object space 175104K, 0% used [0x00000006c1e00000,0x00000006c1e00000,0x00000006cc900000)
 Metaspace       used 746K, capacity 4480K, committed 4480K, reserved 1056768K
  class space    used 75K, capacity 384K, committed 384K, reserved 1048576K

Card table byte_map: [0x00000000113f0000,0x0000000011bf0000] byte_map_base: 0x000000000dde1000

Marking Bits: (ParMarkBitMap*) 0x000000006bb40600
 Begin Bits: [0x0000000012940000, 0x00000000168c8000)
 End Bits:   [0x00000000168c8000, 0x000000001a850000)

Polling page: 0x0000000000460000

CodeCache: size=245760Kb used=328Kb max_used=328Kb free=245431Kb
 bounds [0x0000000002030000, 0x00000000022a0000, 0x0000000011030000]
 total_blobs=58 nmethods=0 adapters=38
 compilation: enabled

Compilation events (0 events):
No events

GC Heap History (0 events):
No events

Deoptimization events (0 events):
No events

Internal exceptions (0 events):
No events

Events (10 events):
Event: 0.019 loading class java/lang/Short
Event: 0.019 loading class java/lang/Short done
Event: 0.019 loading class java/lang/Integer
Event: 0.020 loading class java/lang/Integer done
Event: 0.020 loading class java/lang/Long
Event: 0.020 loading class java/lang/Long done
Event: 0.020 loading class java/lang/NullPointerException
Event: 0.020 loading class java/lang/NullPointerException done
Event: 0.020 loading class java/lang/ArithmeticException
Event: 0.020 loading class java/lang/ArithmeticException done


Dynamic libraries:
0x00007ff7bff40000 - 0x00007ff7bff77000 	C:\Program Files\Java\jre1.8.0_77\bin\javaw.exe
0x00007ffec2f40000 - 0x00007ffec30ed000 	C:\Windows\SYSTEM32\ntdll.dll
0x00007ffec0db0000 - 0x00007ffec0eee000 	C:\Windows\system32\KERNEL32.DLL
0x00007ffec0340000 - 0x00007ffec0455000 	C:\Windows\system32\KERNELBASE.dll
0x00007ffebec30000 - 0x00007ffebecbe000 	C:\Windows\system32\apphelp.dll
0x00007ffeb4500000 - 0x00007ffeb4553000 	C:\Windows\AppPatch\AppPatch64\AcGenral.DLL
0x00007ffec0cf0000 - 0x00007ffec0d9a000 	C:\Windows\system32\msvcrt.dll
0x00007ffebfec0000 - 0x00007ffebfeee000 	C:\Windows\SYSTEM32\SspiCli.dll
0x00007ffec29b0000 - 0x00007ffec2a04000 	C:\Windows\system32\SHLWAPI.dll
0x00007ffec2dc0000 - 0x00007ffec2f37000 	C:\Windows\system32\USER32.dll
0x00007ffec2710000 - 0x00007ffec28a4000 	C:\Windows\system32\ole32.dll
0x00007ffec0fc0000 - 0x00007ffec24ea000 	C:\Windows\system32\SHELL32.dll
0x00007ffebf8f0000 - 0x00007ffebf911000 	C:\Windows\SYSTEM32\USERENV.dll
0x00007ffec28b0000 - 0x00007ffec295a000 	C:\Windows\system32\ADVAPI32.dll
0x00007ffeadb10000 - 0x00007ffeadb2e000 	C:\Windows\SYSTEM32\MPR.dll
0x00007ffec2ae0000 - 0x00007ffec2c21000 	C:\Windows\system32\RPCRT4.dll
0x00007ffec0ef0000 - 0x00007ffec0f49000 	C:\Windows\SYSTEM32\sechost.dll
0x00007ffec24f0000 - 0x00007ffec2701000 	C:\Windows\SYSTEM32\combase.dll
0x00007ffec0b10000 - 0x00007ffec0c60000 	C:\Windows\system32\GDI32.dll
0x00007ffec0090000 - 0x00007ffec00a5000 	C:\Windows\SYSTEM32\profapi.dll
0x00007ffebe3e0000 - 0x00007ffebe492000 	C:\Windows\SYSTEM32\SHCORE.dll
0x00007ffec2960000 - 0x00007ffec2996000 	C:\Windows\system32\IMM32.DLL
0x00007ffec05c0000 - 0x00007ffec0712000 	C:\Windows\system32\MSCTF.dll
0x00007ffebce70000 - 0x00007ffebd0eb000 	C:\Windows\WinSxS\amd64_microsoft.windows.common-controls_6595b64144ccf1df_6.0.9600.18006_none_623f33d3ecbe86e8\COMCTL32.dll
0x000000006a1c0000 - 0x000000006a292000 	C:\Program Files\Java\jre1.8.0_77\bin\msvcr100.dll
0x000000006b330000 - 0x000000006bbc0000 	C:\Program Files\Java\jre1.8.0_77\bin\server\jvm.dll
0x00007ffeb8ae0000 - 0x00007ffeb8ae9000 	C:\Windows\SYSTEM32\WSOCK32.dll
0x00007ffeb7dc0000 - 0x00007ffeb7de2000 	C:\Windows\SYSTEM32\WINMM.dll
0x00007ffeb8af0000 - 0x00007ffeb8afa000 	C:\Windows\SYSTEM32\VERSION.dll
0x00007ffec29a0000 - 0x00007ffec29a7000 	C:\Windows\system32\PSAPI.DLL
0x00007ffec0720000 - 0x00007ffec077a000 	C:\Windows\system32\WS2_32.dll
0x00007ffeb7d90000 - 0x00007ffeb7dba000 	C:\Windows\SYSTEM32\WINMMBASE.dll
0x00007ffec2a10000 - 0x00007ffec2a19000 	C:\Windows\system32\NSI.dll
0x00007ffec0460000 - 0x00007ffec04af000 	C:\Windows\SYSTEM32\cfgmgr32.dll
0x00007ffebee80000 - 0x00007ffebeea8000 	C:\Windows\SYSTEM32\DEVOBJ.dll
0x000000006b320000 - 0x000000006b32f000 	C:\Program Files\Java\jre1.8.0_77\bin\verify.dll
0x000000006b2f0000 - 0x000000006b319000 	C:\Program Files\Java\jre1.8.0_77\bin\java.dll
0x000000006b2d0000 - 0x000000006b2e6000 	C:\Program Files\Java\jre1.8.0_77\bin\zip.dll

VM Arguments:
jvm_args: -Dfile.encoding=Cp1252 
java_command: TaxiSystem
java_class_path (initial): C:\Users\edd\workspace\ProjectUni\bin;C:\Users\edd\Desktop\java project\mysql-connector-java-5.1.38.zip;C:\Users\edd\Desktop\java project\mysql-connector-java-5.1.38\mysql-connector-java-5.1.38\mysql-connector-java-5.1.38-bin.jar;C:\Users\edd\workspace\ProjectUni\jgoodies-common-1.8.0.jar;C:\Users\edd\workspace\ProjectUni\jgoodies-forms-1.8.0.jar;C:\Users\edd\Desktop\java project\rs2xml.jar
Launcher Type: SUN_STANDARD

Environment Variables:
PATH=C:/Program Files/Java/jre1.8.0_77/bin/server;C:/Program Files/Java/jre1.8.0_77/bin;C:/Program Files/Java/jre1.8.0_77/lib/amd64;C:\ProgramData\Oracle\Java\javapath;C:\Program Files (x86)\Intel\iCLS Client\;C:\Program Files\Intel\iCLS Client\;C:\Windows\system32;C:\Windows;C:\Windows\System32\Wbem;C:\Windows\System32\WindowsPowerShell\v1.0\;C:\Program Files\Intel\Intel(R) Management Engine Components\DAL;C:\Program Files (x86)\Intel\Intel(R) Management Engine Components\DAL;C:\Program Files\Intel\Intel(R) Management Engine Components\IPT;C:\Program Files (x86)\Intel\Intel(R) Management Engine Components\IPT;C:\Program Files (x86)\Bitvise SSH Client;C:\Windows\system32\config\systemprofile\.dnx\bin;C:\Program Files\Microsoft DNX\Dnvm\;C:\Program Files\Microsoft SQL Server\120\Tools\Binn\;C:\Program Files (x86)\Windows Kits\10\Windows Performance Toolkit\;C:\Program Files (x86)\Microsoft Emulator Manager\1.0\;C:\Program Files (x86)\nodejs\;C:\Program Files (x86)\Skype\Phone\;C:\Program Files (x86)\QuickTime\QTSystem\;C:\Program Files (x86)\Microchip\MPLAB C32 Suite\bin;C:\Users\edd\.dnx\bin;C:\Users\edd\AppData\Roaming\npm;C:\eclipse-java-mars-2-win32-x86_64\eclipse;
USERNAME=edd
OS=Windows_NT
PROCESSOR_IDENTIFIER=Intel64 Family 6 Model 70 Stepping 1, GenuineIntel



---------------  S Y S T E M  ---------------

OS: Windows 8.1 , 64 bit Build 9600 (6.3.9600.17415)

CPU:total 8 (4 cores per cpu, 2 threads per core) family 6 model 70 stepping 1, cmov, cx8, fxsr, mmx, sse, sse2, sse3, ssse3, sse4.1, sse4.2, popcnt, avx, avx2, aes, clmul, erms, lzcnt, ht, tsc, tscinvbit, bmi1, bmi2

Memory: 4k page, physical 16650516k(4015600k free), swap 19796244k(5772k free)

vm_info: Java HotSpot(TM) 64-Bit Server VM (25.77-b03) for windows-amd64 JRE (1.8.0_77-b03), built on Mar 20 2016 22:01:33 by "java_re" with MS VC++ 10.0 (VS2010)

time: Fri Apr 29 06:04:16 2016
elapsed time: 0 seconds (0d 0h 0m 0s)

